[debug] [2019-04-19T16:41:31.013Z] ----------------------------------------------------------------------
[debug] [2019-04-19T16:41:31.016Z] Command:       C:\Program Files\nodejs\node.exe C:\Users\sandu\AppData\Roaming\npm\node_modules\firebase-tools\lib\bin\firebase.js serve --only functions
[debug] [2019-04-19T16:41:31.016Z] CLI Version:   6.7.0
[debug] [2019-04-19T16:41:31.016Z] Platform:      win32
[debug] [2019-04-19T16:41:31.016Z] Node Version:  v10.13.0
[debug] [2019-04-19T16:41:31.018Z] Time:          Fri Apr 19 2019 22:11:31 GMT+0530 (India Standard Time)
[debug] [2019-04-19T16:41:31.018Z] ----------------------------------------------------------------------
[debug] 
[debug] [2019-04-19T16:41:31.030Z] > command requires scopes: ["email","openid","https://www.googleapis.com/auth/cloudplatformprojects.readonly","https://www.googleapis.com/auth/firebase","https://www.googleapis.com/auth/cloud-platform"]
[debug] [2019-04-19T16:41:31.031Z] > authorizing via signed-in user
[debug] [2019-04-19T16:41:31.032Z] [iam] checking project github-dist for permissions ["firebase.projects.get"]
[debug] [2019-04-19T16:41:31.034Z] >>> HTTP REQUEST POST https://cloudresourcemanager.googleapis.com/v1/projects/github-dist:testIamPermissions  

[debug] [2019-04-19T16:41:34.967Z] <<< HTTP RESPONSE 200
[debug] [2019-04-19T16:41:34.973Z] >>> HTTP REQUEST GET https://cloudresourcemanager.googleapis.com/v1/projects/github-dist  
 
[debug] [2019-04-19T16:41:37.420Z] <<< HTTP RESPONSE 200
[info] 
[info] === Serving from 'J:\Programming\NodeJS\DLBScraper'...
[info] 
[info] i  functions: Preparing to emulate functions.
[debug] [2019-04-19T16:41:38.826Z] Fetching environment
[debug] [2019-04-19T16:41:38.831Z] >>> HTTP REQUEST GET https://mobilesdk-pa.googleapis.com/v1/projects/958657102418:getServerAppConfig  
 
[debug] [2019-04-19T16:41:39.829Z] <<< HTTP RESPONSE 200
[debug] [2019-04-19T16:41:39.831Z] Starting @google-cloud/functions-emulator
[debug] [2019-04-19T16:41:42.555Z] Parsing function triggers
[info] +  functions: app: http://localhost:5000/github-dist/us-central1/app
